<?xml version="1.0" encoding="UTF-8"?>
<!-- Generated by org.testng.reporters.JUnitReportReporter -->
<testsuite hostname="DESKTOP-IL5QOC4" failures="0" tests="1" name="com.test.NewRegisterTestcase" time="6.395" errors="0" timestamp="30 Mar 2024 07:12:25 GMT" skipped="0">
  <testcase classname="com.test.NewRegisterTestcase" name="VerifiyRegister" time="6.395"/>
</testsuite> <!-- com.test.NewRegisterTestcase -->
