<?xml version="1.0" encoding="UTF-8"?>
<!-- Generated by org.testng.reporters.JUnitReportReporter -->
<testsuite hostname="DESKTOP-IL5QOC4" failures="0" tests="1" name="com.test.DashboardTescase" time="12.078" errors="0" timestamp="13 Aug 2024 19:45:09 GMT" skipped="0">
  <testcase classname="com.test.DashboardTescase" name="ValidBashboard" time="12.078"/>
</testsuite> <!-- com.test.DashboardTescase -->
